<component name="libraryTable">
  <library name="junit" type="javaScript">
    <properties>
      <sourceFilesUrls>
        <item url="file://D:/小学期jar/junit" />
      </sourceFilesUrls>
    </properties>
    <CLASSES />
    <JAVADOC />
    <SOURCES>
      <root url="file://D:/小学期jar/junit" />
    </SOURCES>
  </library>
</component>