<component name="libraryTable">
  <library name="junit" type="javaScript">
    <CLASSES />
    <JAVADOC />
    <SOURCES>
      <root url="file://D:/小学期jar/junit" />
    </SOURCES>
  </library>
</component>